<?xml version="1.0" encoding="UTF-8"?>
<!-- Generated by org.testng.reporters.JUnitReportReporter -->
<testsuite hostname="Akshay_K" failures="0" tests="1" name="testCases.TC001_AccountRegistrationTest" time="2.503" errors="0" timestamp="2025-02-08T00:41:25 IST" skipped="0">
  <testcase classname="testCases.TC001_AccountRegistrationTest" name="verify_account_registration" time="2.503"/>
</testsuite> <!-- testCases.TC001_AccountRegistrationTest -->
